Content-Type: text/plain; charset="utf-8"
MIME-Version: 1.0
Content-Transfer-Encoding: 8bit
Subject: Password reset on 127.0.0.1:8000
From: webmaster@localhost
To: emsleyd@gmail.com
Date: Sun, 13 Nov 2022 16:27:17 -0000
Message-ID: <166835683768.73594.2195955892338082520@1.0.0.127.in-addr.arpa>


You're receiving this email because you requested a password reset for your user account at 127.0.0.1:8000.

Please go to the following page and choose a new password:

http://127.0.0.1:8000/reset/OQ/beu5ph-830391c3dec0ea08a2121bbf73b42377/

Your username, in case you’ve forgotten: Dan1

Thanks for using our site!

The 127.0.0.1:8000 team



-------------------------------------------------------------------------------
Content-Type: text/plain; charset="utf-8"
MIME-Version: 1.0
Content-Transfer-Encoding: 8bit
Subject: Password reset on 127.0.0.1:8000
From: webmaster@localhost
To: emsleyd@gmail.com
Date: Sun, 13 Nov 2022 16:27:17 -0000
Message-ID: <166835683768.73594.10576597794365110197@1.0.0.127.in-addr.arpa>


You're receiving this email because you requested a password reset for your user account at 127.0.0.1:8000.

Please go to the following page and choose a new password:

http://127.0.0.1:8000/reset/Nw/beu5ph-e2a21362f135c529dbb45aa448336ace/

Your username, in case you’ve forgotten: Dan5

Thanks for using our site!

The 127.0.0.1:8000 team



-------------------------------------------------------------------------------
