Content-Type: text/plain; charset="utf-8"
MIME-Version: 1.0
Content-Transfer-Encoding: 8bit
Subject: Password reset on 127.0.0.1:8000
From: webmaster@localhost
To: emsleyd@gmail.com
Date: Fri, 07 Oct 2022 09:09:09 -0000
Message-ID: 
 <166513374972.73851.3803263963752317954@1.0.0.0.0.0.0.0.0.0.0.0.0.0.0.0.0.0.0.0.0.0.0.0.0.0.0.0.0.0.0.0.ip6.arpa>


You're receiving this email because you requested a password reset for your user account at 127.0.0.1:8000.

Please go to the following page and choose a new password:

http://127.0.0.1:8000/reset/Nw/bcx2r9-cf00b6de44ae5bccecc0a8d6b42e6162/

Your username, in case you’ve forgotten: Dan5

Thanks for using our site!

The 127.0.0.1:8000 team



-------------------------------------------------------------------------------
Content-Type: text/plain; charset="utf-8"
MIME-Version: 1.0
Content-Transfer-Encoding: 8bit
Subject: Password reset on 127.0.0.1:8000
From: webmaster@localhost
To: emsleyd@gmail.com
Date: Fri, 07 Oct 2022 09:09:09 -0000
Message-ID: 
 <166513374987.73851.13974884277315481964@1.0.0.0.0.0.0.0.0.0.0.0.0.0.0.0.0.0.0.0.0.0.0.0.0.0.0.0.0.0.0.0.ip6.arpa>


You're receiving this email because you requested a password reset for your user account at 127.0.0.1:8000.

Please go to the following page and choose a new password:

http://127.0.0.1:8000/reset/OA/bcx2r9-282e5b24502f6c4507ecf50b6367830b/

Your username, in case you’ve forgotten: Dan

Thanks for using our site!

The 127.0.0.1:8000 team



-------------------------------------------------------------------------------
Content-Type: text/plain; charset="utf-8"
MIME-Version: 1.0
Content-Transfer-Encoding: 8bit
Subject: Password reset on 127.0.0.1:8000
From: webmaster@localhost
To: emsleyd@gmail.com
Date: Fri, 07 Oct 2022 09:09:09 -0000
Message-ID: 
 <166513374987.73851.9162557283185016259@1.0.0.0.0.0.0.0.0.0.0.0.0.0.0.0.0.0.0.0.0.0.0.0.0.0.0.0.0.0.0.0.ip6.arpa>


You're receiving this email because you requested a password reset for your user account at 127.0.0.1:8000.

Please go to the following page and choose a new password:

http://127.0.0.1:8000/reset/OQ/bcx2r9-9b0354a8f161ce7ae21c83e50748dc8b/

Your username, in case you’ve forgotten: Dan1

Thanks for using our site!

The 127.0.0.1:8000 team



-------------------------------------------------------------------------------
