Content-Type: text/plain; charset="utf-8"
MIME-Version: 1.0
Content-Transfer-Encoding: 8bit
Subject: Password reset on 127.0.0.1:8000
From: webmaster@localhost
To: emsleyd@gmail.com
Date: Fri, 07 Oct 2022 10:24:18 -0000
Message-ID: 
 <166513825860.9338.10215378300695679017@1.0.0.0.0.0.0.0.0.0.0.0.0.0.0.0.0.0.0.0.0.0.0.0.0.0.0.0.0.0.0.0.ip6.arpa>


You're receiving this email because you requested a password reset for your user account at 127.0.0.1:8000.

Please go to the following page and choose a new password:

http://127.0.0.1:8000/reset/Nw/bcx68i-a337484d82f2a7116ea7bb10e4b994f9/

Your username, in case you’ve forgotten: Dan5

Thanks for using our site!

The 127.0.0.1:8000 team



-------------------------------------------------------------------------------
Content-Type: text/plain; charset="utf-8"
MIME-Version: 1.0
Content-Transfer-Encoding: 8bit
Subject: Password reset on 127.0.0.1:8000
From: webmaster@localhost
To: emsleyd@gmail.com
Date: Fri, 07 Oct 2022 10:24:18 -0000
Message-ID: 
 <166513825874.9338.12087174531494497584@1.0.0.0.0.0.0.0.0.0.0.0.0.0.0.0.0.0.0.0.0.0.0.0.0.0.0.0.0.0.0.0.ip6.arpa>


You're receiving this email because you requested a password reset for your user account at 127.0.0.1:8000.

Please go to the following page and choose a new password:

http://127.0.0.1:8000/reset/OA/bcx68i-250fff43cf9102d63ab8eb07eb8818cc/

Your username, in case you’ve forgotten: Dan

Thanks for using our site!

The 127.0.0.1:8000 team



-------------------------------------------------------------------------------
Content-Type: text/plain; charset="utf-8"
MIME-Version: 1.0
Content-Transfer-Encoding: 8bit
Subject: Password reset on 127.0.0.1:8000
From: webmaster@localhost
To: emsleyd@gmail.com
Date: Fri, 07 Oct 2022 10:24:18 -0000
Message-ID: 
 <166513825874.9338.5559243118818027171@1.0.0.0.0.0.0.0.0.0.0.0.0.0.0.0.0.0.0.0.0.0.0.0.0.0.0.0.0.0.0.0.ip6.arpa>


You're receiving this email because you requested a password reset for your user account at 127.0.0.1:8000.

Please go to the following page and choose a new password:

http://127.0.0.1:8000/reset/OQ/bcx68i-39709550fcfc75abc3806912457db224/

Your username, in case you’ve forgotten: Dan1

Thanks for using our site!

The 127.0.0.1:8000 team



-------------------------------------------------------------------------------
